Mplus VERSION 8.4
MUTHEN & MUTHEN
11/20/2020  10:16 AM

INPUT INSTRUCTIONS

    DATA:	FILE = two-level data with Trend.csv;
    VARIABLE:
      NAMES ARE URGE DEP JS HS PERSON TIME;
      USEVARIABLES URGE DEP JS HS TIME;
      Lagged = URGE(1) DEP(1);!Created a Lag-1 variable for urge to smoke and depression;
      CLUSTER=PERSON;
      BETWEEN = JS HS;! Job Stress and Home Stress are only used in the Between-Level model;
      WITHIN = TIME;! Time is only used in the Within-Level model;

    ANALYSIS:
      TYPE = TWOLEVEL RANDOM;!Two-Level Model with paths that are latent variables;
      ESTIMATOR = BAYES;!Lagged variables can only be estimated with Bayes in Mplus;
      BITERATIONS = (1000);!Run at least 1000 iteration of the MCMC algorithm;
      BSEED=1028;

    MODEL:
      %WITHIN%
      PHI1 | URGE^ ON URGE^1;
      ! urge to smoke is regressed on Lag-1 urge to smoke,phi_1i
      PHI2 | DEP^ ON DEP^1;
      ! depression is regressed on Lag-1 depression,phi_2i
      PHI3 | DEP^ ON URGE^1;
      ! Depression is regressed on Lag-1 urge to smoke, phi_3i
      PHI4 | URGE^ ON DEP^1;
      ! urge to smoke is regress on Lag-1 depression, phi_4i
      TREND1 | URGE ON TIME;! urge is regressed on time to capture the trend over time
      TREND2 | DEP ON TIME;! dep is regressed on time to capture the trend over time
      LogV1 | Urge;
      ! the Within-Level residual variance of urge to smoke
      LogV2 | DEP;
      ! the Within-Level residual variance of depression

      %BETWEEN%
      [URGE]; !mean intercept of urge to smoke, gamma_00;
      [DEP]; !mean intercept of depression, gamma_10;
      [PHI1]; !mean of urge autoregressive slope,gamma_20;
      [PHI2]; !mean of depression autoregressive slope,gamma_30;
      [PHI3]; !mean of dep on urge&1 slope,gamma_40;
      [PHI4]; !mean of urge on dep&1 slope,gamma_50;
      [TREND1];
      [TREND2];
      [LogV1];
      !log of the mean of the urge residual variance, omega_0;
      [LogV2];
      !log of the mean of the urge residual variance, omega_1;

      URGE; !urge to smoke intercept variance, tau_00;
      DEP; !depression intercept variance, tau_11;
      PHI1; !urge to smoke autoregressive slope variance, tau_22;
      PHI2; !depression autoregressive slope variance, tau_33;
      PHI3; !dep on urge&1 slope variance, tau_44;
      PHI4; !urge on dep&1 slope,tau_55;
      TREND1;
      TREND2;
      LogV1;
      !between-person variance of urge to smoke residual variance, tau_77;
      LogV2; !between-person variance of depression residual variance, tau_88;

      URGE on JS HS;
      DEP on JS HS;
      !The person-specific intercepts are predicted by Job Stress and Home Stress;
      PHI1 on JS HS;
      PHI2 on JS HS;
      PHI3 on JS HS;
      PHI4 on JS HS;
      !The person-specific slopes are predicted by Job Stress and Home Stress;
      LOGV1 on JS HS;
      LOGV2 on JS HS;
      !The person-specific residual variances are predicted by Job Stress and Home Stress;

      URGE DEP PHI1-PHI4 LOGV1 LOGV2 WITH URGE DEP PHI1-PHI4 LOGV1 LOGV2;

   OUTPUT: TECH1 TECH8 STDYX;



INPUT READING TERMINATED NORMALLY




SUMMARY OF ANALYSIS

Number of groups                                                 1
Number of observations                                        5000

Number of dependent variables                                    2
Number of independent variables                                  5
Number of continuous latent variables                            8

Observed dependent variables

  Continuous
   URGE        DEP

Observed independent variables
   JS          HS          TIME        URGE^1      DEP^1

Continuous latent variables
   PHI1        PHI2        PHI3        PHI4        TREND1      TREND2
   LOGV1       LOGV2

Variables with special functions

  Cluster variable      PERSON

  Within variables
   TIME        URGE^1      DEP^1

  Between variables
   JS          HS


Estimator                                                    BAYES
Specifications for Bayesian Estimation
  Point estimate                                            MEDIAN
  Number of Markov chain Monte Carlo (MCMC) chains               2
  Random seed for the first chain                             1028
  Starting value information                           UNPERTURBED
  Algorithm used for Markov chain Monte Carlo           GIBBS(PX1)
  Convergence criterion                                  0.500D-01
  Maximum number of iterations                               50000
  K-th iteration used for thinning                               1

Input data file(s)
  two-level data with Trend.csv
Input data format  FREE


SUMMARY OF DATA

     Number of clusters                        100

       Size (s)    Cluster ID with Size s

         50        1 2 3 4 5 6 7 8 9 10 11 12 13 14 15 16 17 18 19 20 21
                   22 23 24 25 26 27 28 29 30 31 32 33 34 35 36 37 38 39
                   40 41 42 43 44 45 46 47 48 49 50 51 52 53 54 55 56 57
                   58 59 60 61 62 63 64 65 66 67 68 69 70 71 72 73 74 75
                   76 77 78 79 80 81 82 83 84 85 86 87 88 89 90 91 92 93
                   94 95 96 97 98 99 100



COVARIANCE COVERAGE OF DATA

Minimum covariance coverage value   0.100

     Number of missing data patterns             2


     PROPORTION OF DATA PRESENT


           Covariance Coverage
              URGE          DEP           TIME          JS            HS
              ________      ________      ________      ________      ________
 URGE           1.000
 DEP            1.000         1.000
 TIME           1.000         1.000         1.000
 JS             1.000         1.000         1.000         1.000
 HS             1.000         1.000         1.000         1.000         1.000



UNIVARIATE SAMPLE STATISTICS


     UNIVARIATE HIGHER-ORDER MOMENT DESCRIPTIVE STATISTICS

         Variable/         Mean/     Skewness/   Minimum/ % with                Percentiles
        Sample Size      Variance    Kurtosis    Maximum  Min/Max      20%/60%    40%/80%    Median

     URGE                  3.910       0.854      -7.179    0.02%       0.574      2.277      3.224
            5000.000      16.200       0.820      21.643    0.02%       4.212      6.999
     DEP                   0.013       0.011      -3.567    0.02%      -0.820     -0.241      0.015
            5000.000       1.000       0.083       3.701    0.02%       0.261      0.845
     TIME                 25.500       0.000       1.000    2.00%      10.000     20.000     25.500
            5000.000     208.250      -1.201      50.000    2.00%      30.000     40.000
     JS                   -0.055       0.514      -2.098    1.00%      -0.760     -0.416     -0.285
             100.000       0.744       0.072       2.415    1.00%       0.022      0.682
     HS                    0.136      -0.054      -2.490    1.00%      -0.741     -0.031      0.173
             100.000       0.963       0.139       2.544    1.00%       0.418      0.829


THE MODEL ESTIMATION TERMINATED NORMALLY

     USE THE FBITERATIONS OPTION TO INCREASE THE NUMBER OF ITERATIONS BY A FACTOR
     OF AT LEAST TWO TO CHECK CONVERGENCE AND THAT THE PSR VALUE DOES NOT INCREASE.



MODEL FIT INFORMATION

Number of Free Parameters                              64

Information Criteria

          Deviance (DIC)                        32020.938
          Estimated Number of Parameters (pD)     435.930



MODEL RESULTS

                                Posterior  One-Tailed         95% C.I.
                    Estimate       S.D.      P-Value   Lower 2.5%  Upper 2.5%  Significance

Within Level

Between Level

 PHI1       ON
    JS                 0.105       0.024      0.000       0.057       0.151      *
    HS                 0.046       0.021      0.015       0.004       0.087      *

 PHI2       ON
    JS                 0.003       0.024      0.451      -0.046       0.050
    HS                 0.026       0.022      0.110      -0.015       0.070

 PHI3       ON
    JS                 0.002       0.015      0.455      -0.028       0.031
    HS                -0.007       0.014      0.317      -0.036       0.019

 PHI4       ON
    JS                 0.016       0.030      0.300      -0.047       0.073
    HS                -0.011       0.025      0.334      -0.058       0.039

 LOGV1      ON
    JS                 0.414       0.079      0.000       0.263       0.571      *
    HS                 0.216       0.070      0.001       0.077       0.355      *

 LOGV2      ON
    JS                 0.006       0.028      0.421      -0.049       0.061
    HS                -0.015       0.026      0.280      -0.069       0.037

 URGE       ON
    JS                 0.443       0.107      0.000       0.232       0.650      *
    HS                 0.235       0.090      0.005       0.059       0.416      *

 DEP        ON
    JS                 0.006       0.021      0.396      -0.036       0.044
    HS                 0.001       0.021      0.489      -0.046       0.038

 URGE     WITH
    PHI1               0.018       0.021      0.184      -0.022       0.061
    PHI2              -0.012       0.019      0.259      -0.050       0.026
    PHI3               0.019       0.013      0.060      -0.005       0.045
    PHI4              -0.006       0.023      0.378      -0.056       0.035
    LOGV1             -0.025       0.067      0.343      -0.163       0.105
    LOGV2              0.016       0.022      0.203      -0.020       0.066

 DEP      WITH
    PHI1              -0.001       0.003      0.393      -0.008       0.006
    PHI2              -0.001       0.003      0.360      -0.008       0.006
    PHI3              -0.001       0.002      0.318      -0.006       0.003
    PHI4               0.000       0.004      0.495      -0.007       0.008
    LOGV1              0.001       0.014      0.461      -0.026       0.028
    LOGV2              0.002       0.004      0.273      -0.005       0.010

 PHI1     WITH
    PHI2               0.002       0.005      0.308      -0.007       0.012
    PHI3               0.006       0.003      0.002       0.002       0.013      *
    PHI4               0.000       0.005      0.467      -0.012       0.008
    LOGV1             -0.009       0.017      0.281      -0.044       0.023
    LOGV2              0.003       0.005      0.231      -0.007       0.013

 PHI2     WITH
    PHI3              -0.002       0.003      0.181      -0.009       0.002
    PHI4               0.007       0.005      0.062      -0.002       0.020
    LOGV1              0.020       0.018      0.107      -0.014       0.059
    LOGV2             -0.002       0.005      0.362      -0.011       0.008

 PHI3     WITH
    PHI4               0.000       0.003      0.432      -0.007       0.004
    LOGV1             -0.001       0.012      0.469      -0.023       0.023
    LOGV2              0.001       0.003      0.304      -0.005       0.008

 PHI4     WITH
    LOGV1              0.009       0.020      0.309      -0.033       0.049
    LOGV2             -0.002       0.005      0.366      -0.013       0.008

 LOGV1    WITH
    LOGV2              0.009       0.018      0.323      -0.028       0.043

 URGE     WITH
    DEP                0.004       0.016      0.401      -0.026       0.038

 Means
    TREND1             0.157       0.011      0.000       0.135       0.177      *
    TREND2            -0.001       0.001      0.084      -0.003       0.001

 Intercepts
    URGE              -0.088       0.089      0.171      -0.262       0.091
    DEP                0.046       0.028      0.051      -0.011       0.099
    PHI1               0.175       0.023      0.000       0.130       0.219      *
    PHI2               0.025       0.022      0.127      -0.018       0.070
    PHI3              -0.045       0.015      0.002      -0.075      -0.015      *
    PHI4               0.015       0.028      0.288      -0.038       0.073
    LOGV1              0.653       0.067      0.000       0.522       0.782      *
    LOGV2             -0.014       0.024      0.285      -0.058       0.034

 Variances
    TREND1             0.010       0.002      0.000       0.008       0.014      *
    TREND2             0.000       0.000      0.000       0.000       0.000      *

 Residual Variances
    URGE               0.454       0.115      0.000       0.273       0.724      *
    DEP                0.008       0.004      0.000       0.003       0.018      *
    PHI1               0.018       0.006      0.000       0.009       0.034      *
    PHI2               0.014       0.006      0.000       0.006       0.030      *
    PHI3               0.006       0.002      0.000       0.003       0.012      *
    PHI4               0.013       0.008      0.000       0.004       0.034      *
    LOGV1              0.419       0.076      0.000       0.299       0.599      *
    LOGV2              0.016       0.008      0.000       0.004       0.036      *


STANDARDIZED MODEL RESULTS


STDYX Standardization

                                Posterior  One-Tailed         95% C.I.
                    Estimate       S.D.      P-Value   Lower 2.5%  Upper 2.5%  Significance

Within-Level Standardized Estimates Averaged Over Clusters

 PHI1 | URGE^ ON
    URGE^1             0.177       0.018      0.000       0.142       0.211      *

 PHI4 | URGE^ ON
    DEP^1              0.004       0.017      0.408      -0.026       0.039

 PHI2 | DEP^ ON
    DEP^1              0.031       0.019      0.055      -0.006       0.067

 PHI3 | DEP^ ON
    URGE^1            -0.069       0.016      0.000      -0.102      -0.038      *

 TREND1 | URGE ON
    TIME               0.721       0.009      0.000       0.704       0.738      *

 TREND2 | DEP ON
    TIME              -0.024       0.015      0.057      -0.051       0.005

 LOGV1 |
    URGE               0.345       0.006      0.000       0.334       0.358      *

 LOGV2 |
    DEP                0.966       0.008      0.000       0.948       0.979      *

Between Level

 PHI1       ON
    JS                 0.423       0.096      0.000       0.220       0.594      *
    HS                 0.212       0.094      0.015       0.016       0.388      *

 PHI2       ON
    JS                 0.014       0.122      0.451      -0.223       0.260
    HS                 0.149       0.121      0.110      -0.085       0.385

 PHI3       ON
    JS                 0.013       0.118      0.455      -0.219       0.245
    HS                -0.063       0.125      0.317      -0.315       0.174

 PHI4       ON
    JS                 0.082       0.153      0.300      -0.206       0.389
    HS                -0.064       0.149      0.334      -0.355       0.224

 LOGV1      ON
    JS                 0.355       0.063      0.000       0.227       0.474      *
    HS                 0.211       0.066      0.001       0.076       0.334      *

 LOGV2      ON
    JS                 0.026       0.137      0.421      -0.214       0.317
    HS                -0.083       0.147      0.280      -0.363       0.213

 URGE       ON
    JS                 0.362       0.082      0.000       0.190       0.515      *
    HS                 0.220       0.080      0.005       0.055       0.371      *

 DEP        ON
    JS                 0.040       0.142      0.396      -0.237       0.312
    HS                 0.004       0.162      0.489      -0.351       0.298

 URGE     WITH
    PHI1               0.206       0.214      0.184      -0.235       0.582
    PHI2              -0.153       0.228      0.259      -0.566       0.329
    PHI3               0.375       0.217      0.060      -0.092       0.747
    PHI4              -0.082       0.283      0.378      -0.635       0.483
    LOGV1             -0.058       0.146      0.343      -0.341       0.233
    LOGV2              0.199       0.234      0.203      -0.233       0.648

 DEP      WITH
    PHI1              -0.089       0.279      0.393      -0.607       0.436
    PHI2              -0.114       0.291      0.360      -0.601       0.523
    PHI3              -0.150       0.289      0.318      -0.689       0.404
    PHI4              -0.005       0.350      0.495      -0.663       0.642
    LOGV1              0.025       0.240      0.461      -0.401       0.501
    LOGV2              0.220       0.308      0.273      -0.454       0.734

 PHI1     WITH
    PHI2               0.144       0.275      0.308      -0.408       0.644
    PHI3               0.627       0.171      0.002       0.222       0.863      *
    PHI4              -0.025       0.306      0.467      -0.570       0.559
    LOGV1             -0.110       0.180      0.281      -0.450       0.252
    LOGV2              0.215       0.280      0.231      -0.404       0.679

 PHI2     WITH
    PHI3              -0.254       0.249      0.181      -0.658       0.299
    PHI4               0.524       0.281      0.062      -0.228       0.892
    LOGV1              0.269       0.205      0.107      -0.180       0.636
    LOGV2             -0.111       0.295      0.362      -0.621       0.530

 PHI3     WITH
    PHI4              -0.045       0.282      0.432      -0.606       0.485
    LOGV1             -0.018       0.225      0.469      -0.433       0.430
    LOGV2              0.147       0.285      0.304      -0.450       0.648

 PHI4     WITH
    LOGV1              0.127       0.246      0.309      -0.416       0.556
    LOGV2             -0.121       0.323      0.366      -0.699       0.520

 LOGV1    WITH
    LOGV2              0.115       0.221      0.323      -0.331       0.522

 URGE     WITH
    DEP                0.065       0.251      0.401      -0.388       0.590

 Means
    TREND1             1.541       0.154      0.000       1.247       1.850      *
    TREND2            -0.879       0.973      0.084      -3.391       0.686

 Intercepts
    URGE              -0.118       0.120      0.171      -0.359       0.116
    DEP                0.501       0.349      0.051      -0.120       1.331
    PHI1               1.135       0.227      0.000       0.748       1.630      *
    PHI2               0.207       0.183      0.127      -0.154       0.570
    PHI3              -0.572       0.224      0.002      -1.051      -0.184      *
    PHI4               0.135       0.244      0.288      -0.318       0.646
    LOGV1              0.913       0.116      0.000       0.695       1.144      *
    LOGV2             -0.110       0.194      0.285      -0.470       0.293

 Variances
    TREND1             1.000       0.000      0.000       1.000       1.000
    TREND2             1.000       0.000      0.000       1.000       1.000

 Residual Variances
    URGE               0.814       0.071      0.000       0.655       0.933      *
    DEP                0.968       0.049      0.000       0.814       0.999      *
    PHI1               0.771       0.092      0.000       0.566       0.923      *
    PHI2               0.961       0.048      0.000       0.825       0.998      *
    PHI3               0.977       0.035      0.000       0.871       0.999      *
    PHI4               0.960       0.056      0.000       0.789       0.998      *
    LOGV1              0.825       0.053      0.000       0.710       0.921      *
    LOGV2              0.968       0.049      0.000       0.815       0.999      *


R-SQUARE

Within-Level R-Square Averaged Across Clusters

                                Posterior  One-Tailed         95% C.I.
    Variable        Estimate       S.D.      P-Value   Lower 2.5%  Upper 2.5%

    URGE               0.655       0.006      0.000       0.642       0.666
    DEP                0.034       0.008      0.000       0.021       0.052

Between Level

                                Posterior  One-Tailed         95% C.I.
    Variable        Estimate       S.D.      P-Value   Lower 2.5%  Upper 2.5%

    URGE               0.186       0.071      0.000       0.066       0.345
    DEP                0.032       0.049      0.000       0.001       0.185

                                Posterior  One-Tailed         95% C.I.
    Variable        Estimate       S.D.      P-Value   Lower 2.5%  Upper 2.5%

    PHI1               0.229       0.092      0.000       0.077       0.434
    PHI2               0.039       0.048      0.000       0.002       0.175
    PHI3               0.023       0.035      0.000       0.001       0.129
    PHI4               0.040       0.056      0.000       0.002       0.210
    LOGV1              0.175       0.053      0.000       0.079       0.290
    LOGV2              0.032       0.049      0.000       0.001       0.184


TECHNICAL 1 OUTPUT


     PARAMETER SPECIFICATION FOR WITHIN


           NU
              URGE          DEP           TIME          URGE^1        DEP^1
              ________      ________      ________      ________      ________
                    0             0             0             0             0


           LAMBDA
              URGE          DEP           TIME          URGE^1        DEP^1
              ________      ________      ________      ________      ________
 URGE               0             0             0             0             0
 DEP                0             0             0             0             0
 TIME               0             0             0             0             0
 URGE^1             0             0             0             0             0
 DEP^1              0             0             0             0             0


           THETA
              URGE          DEP           TIME          URGE^1        DEP^1
              ________      ________      ________      ________      ________
 URGE               0
 DEP                0             0
 TIME               0             0             0
 URGE^1             0             0             0             0
 DEP^1              0             0             0             0             0


           ALPHA
              URGE          DEP           TIME          URGE^1        DEP^1
              ________      ________      ________      ________      ________
                    0             0             0             0             0


           BETA
              URGE          DEP           TIME          URGE^1        DEP^1
              ________      ________      ________      ________      ________
 URGE               0             0             0             0             0
 DEP                0             0             0             0             0
 TIME               0             0             0             0             0
 URGE^1             0             0             0             0             0
 DEP^1              0             0             0             0             0


           PSI
              URGE          DEP           TIME          URGE^1        DEP^1
              ________      ________      ________      ________      ________
 URGE               0
 DEP                0             0
 TIME               0             0             0
 URGE^1             0             0             0             0
 DEP^1              0             0             0             0             0


     PARAMETER SPECIFICATION FOR BETWEEN


           NU
              URGE          DEP           JS            HS
              ________      ________      ________      ________
                    0             0             0             0


           LAMBDA
              PHI1          PHI2          PHI3          PHI4          TREND1
              ________      ________      ________      ________      ________
 URGE               0             0             0             0             0
 DEP                0             0             0             0             0
 JS                 0             0             0             0             0
 HS                 0             0             0             0             0


           LAMBDA
              TREND2        LOGV1         LOGV2         URGE          DEP
              ________      ________      ________      ________      ________
 URGE               0             0             0             0             0
 DEP                0             0             0             0             0
 JS                 0             0             0             0             0
 HS                 0             0             0             0             0


           LAMBDA
              JS            HS
              ________      ________
 URGE               0             0
 DEP                0             0
 JS                 0             0
 HS                 0             0


           THETA
              URGE          DEP           JS            HS
              ________      ________      ________      ________
 URGE               0
 DEP                0             0
 JS                 0             0             0
 HS                 0             0             0             0


           ALPHA
              PHI1          PHI2          PHI3          PHI4          TREND1
              ________      ________      ________      ________      ________
                    1             2             3             4             5


           ALPHA
              TREND2        LOGV1         LOGV2         URGE          DEP
              ________      ________      ________      ________      ________
                    6             7             8             9            10


           ALPHA
              JS            HS
              ________      ________
                    0             0


           BETA
              PHI1          PHI2          PHI3          PHI4          TREND1
              ________      ________      ________      ________      ________
 PHI1               0             0             0             0             0
 PHI2               0             0             0             0             0
 PHI3               0             0             0             0             0
 PHI4               0             0             0             0             0
 TREND1             0             0             0             0             0
 TREND2             0             0             0             0             0
 LOGV1              0             0             0             0             0
 LOGV2              0             0             0             0             0
 URGE               0             0             0             0             0
 DEP                0             0             0             0             0
 JS                 0             0             0             0             0
 HS                 0             0             0             0             0


           BETA
              TREND2        LOGV1         LOGV2         URGE          DEP
              ________      ________      ________      ________      ________
 PHI1               0             0             0             0             0
 PHI2               0             0             0             0             0
 PHI3               0             0             0             0             0
 PHI4               0             0             0             0             0
 TREND1             0             0             0             0             0
 TREND2             0             0             0             0             0
 LOGV1              0             0             0             0             0
 LOGV2              0             0             0             0             0
 URGE               0             0             0             0             0
 DEP                0             0             0             0             0
 JS                 0             0             0             0             0
 HS                 0             0             0             0             0


           BETA
              JS            HS
              ________      ________
 PHI1              11            12
 PHI2              13            14
 PHI3              15            16
 PHI4              17            18
 TREND1             0             0
 TREND2             0             0
 LOGV1             19            20
 LOGV2             21            22
 URGE              23            24
 DEP               25            26
 JS                 0             0
 HS                 0             0


           PSI
              PHI1          PHI2          PHI3          PHI4          TREND1
              ________      ________      ________      ________      ________
 PHI1              27
 PHI2              28            29
 PHI3              30            31            32
 PHI4              33            34            35            36
 TREND1             0             0             0             0            37
 TREND2             0             0             0             0             0
 LOGV1             39            40            41            42             0
 LOGV2             44            45            46            47             0
 URGE              50            51            52            53             0
 DEP               57            58            59            60             0
 JS                 0             0             0             0             0
 HS                 0             0             0             0             0


           PSI
              TREND2        LOGV1         LOGV2         URGE          DEP
              ________      ________      ________      ________      ________
 TREND2            38
 LOGV1              0            43
 LOGV2              0            48            49
 URGE               0            54            55            56
 DEP                0            61            62            63            64
 JS                 0             0             0             0             0
 HS                 0             0             0             0             0


           PSI
              JS            HS
              ________      ________
 JS                 0
 HS                 0             0


     STARTING VALUES FOR WITHIN


           NU
              URGE          DEP           TIME          URGE^1        DEP^1
              ________      ________      ________      ________      ________
                0.000         0.000         0.000         0.000         0.000


           LAMBDA
              URGE          DEP           TIME          URGE^1        DEP^1
              ________      ________      ________      ________      ________
 URGE           1.000         0.000         0.000         0.000         0.000
 DEP            0.000         1.000         0.000         0.000         0.000
 TIME           0.000         0.000         1.000         0.000         0.000
 URGE^1         0.000         0.000         0.000         1.000         0.000
 DEP^1          0.000         0.000         0.000         0.000         1.000


           THETA
              URGE          DEP           TIME          URGE^1        DEP^1
              ________      ________      ________      ________      ________
 URGE           0.000
 DEP            0.000         0.000
 TIME           0.000         0.000         0.000
 URGE^1         0.000         0.000         0.000         0.000
 DEP^1          0.000         0.000         0.000         0.000         0.000


           ALPHA
              URGE          DEP           TIME          URGE^1        DEP^1
              ________      ________      ________      ________      ________
                0.000         0.000         0.000         0.000         0.000


           BETA
              URGE          DEP           TIME          URGE^1        DEP^1
              ________      ________      ________      ________      ________
 URGE           0.000         0.000         0.000         0.000         0.000
 DEP            0.000         0.000         0.000         0.000         0.000
 TIME           0.000         0.000         0.000         0.000         0.000
 URGE^1         0.000         0.000         0.000         0.000         0.000
 DEP^1          0.000         0.000         0.000         0.000         0.000


           PSI
              URGE          DEP           TIME          URGE^1        DEP^1
              ________      ________      ________      ________      ________
 URGE           0.000
 DEP            0.000         0.000
 TIME           0.000         0.000       104.125
 URGE^1         0.000         0.000         0.000         7.847
 DEP^1          0.000         0.000         0.000         0.000         0.502


     STARTING VALUES FOR BETWEEN


           NU
              URGE          DEP           JS            HS
              ________      ________      ________      ________
                0.000         0.000         0.000         0.000


           LAMBDA
              PHI1          PHI2          PHI3          PHI4          TREND1
              ________      ________      ________      ________      ________
 URGE           0.000         0.000         0.000         0.000         0.000
 DEP            0.000         0.000         0.000         0.000         0.000
 JS             0.000         0.000         0.000         0.000         0.000
 HS             0.000         0.000         0.000         0.000         0.000


           LAMBDA
              TREND2        LOGV1         LOGV2         URGE          DEP
              ________      ________      ________      ________      ________
 URGE           0.000         0.000         0.000         1.000         0.000
 DEP            0.000         0.000         0.000         0.000         1.000
 JS             0.000         0.000         0.000         0.000         0.000
 HS             0.000         0.000         0.000         0.000         0.000


           LAMBDA
              JS            HS
              ________      ________
 URGE           0.000         0.000
 DEP            0.000         0.000
 JS             1.000         0.000
 HS             0.000         1.000


           THETA
              URGE          DEP           JS            HS
              ________      ________      ________      ________
 URGE           0.000
 DEP            0.000         0.000
 JS             0.000         0.000         0.000
 HS             0.000         0.000         0.000         0.000


           ALPHA
              PHI1          PHI2          PHI3          PHI4          TREND1
              ________      ________      ________      ________      ________
                0.000         0.000         0.000         0.000         0.000


           ALPHA
              TREND2        LOGV1         LOGV2         URGE          DEP
              ________      ________      ________      ________      ________
                0.000         0.000         0.000         3.910         0.013


           ALPHA
              JS            HS
              ________      ________
                0.000         0.000


           BETA
              PHI1          PHI2          PHI3          PHI4          TREND1
              ________      ________      ________      ________      ________
 PHI1           0.000         0.000         0.000         0.000         0.000
 PHI2           0.000         0.000         0.000         0.000         0.000
 PHI3           0.000         0.000         0.000         0.000         0.000
 PHI4           0.000         0.000         0.000         0.000         0.000
 TREND1         0.000         0.000         0.000         0.000         0.000
 TREND2         0.000         0.000         0.000         0.000         0.000
 LOGV1          0.000         0.000         0.000         0.000         0.000
 LOGV2          0.000         0.000         0.000         0.000         0.000
 URGE           0.000         0.000         0.000         0.000         0.000
 DEP            0.000         0.000         0.000         0.000         0.000
 JS             0.000         0.000         0.000         0.000         0.000
 HS             0.000         0.000         0.000         0.000         0.000


           BETA
              TREND2        LOGV1         LOGV2         URGE          DEP
              ________      ________      ________      ________      ________
 PHI1           0.000         0.000         0.000         0.000         0.000
 PHI2           0.000         0.000         0.000         0.000         0.000
 PHI3           0.000         0.000         0.000         0.000         0.000
 PHI4           0.000         0.000         0.000         0.000         0.000
 TREND1         0.000         0.000         0.000         0.000         0.000
 TREND2         0.000         0.000         0.000         0.000         0.000
 LOGV1          0.000         0.000         0.000         0.000         0.000
 LOGV2          0.000         0.000         0.000         0.000         0.000
 URGE           0.000         0.000         0.000         0.000         0.000
 DEP            0.000         0.000         0.000         0.000         0.000
 JS             0.000         0.000         0.000         0.000         0.000
 HS             0.000         0.000         0.000         0.000         0.000


           BETA
              JS            HS
              ________      ________
 PHI1           0.000         0.000
 PHI2           0.000         0.000
 PHI3           0.000         0.000
 PHI4           0.000         0.000
 TREND1         0.000         0.000
 TREND2         0.000         0.000
 LOGV1          0.000         0.000
 LOGV2          0.000         0.000
 URGE           0.000         0.000
 DEP            0.000         0.000
 JS             0.000         0.000
 HS             0.000         0.000


           PSI
              PHI1          PHI2          PHI3          PHI4          TREND1
              ________      ________      ________      ________      ________
 PHI1           1.000
 PHI2           0.000         1.000
 PHI3           0.000         0.000         1.000
 PHI4           0.000         0.000         0.000         1.000
 TREND1         0.000         0.000         0.000         0.000         1.000
 TREND2         0.000         0.000         0.000         0.000         0.000
 LOGV1          0.000         0.000         0.000         0.000         0.000
 LOGV2          0.000         0.000         0.000         0.000         0.000
 URGE           0.000         0.000         0.000         0.000         0.000
 DEP            0.000         0.000         0.000         0.000         0.000
 JS             0.000         0.000         0.000         0.000         0.000
 HS             0.000         0.000         0.000         0.000         0.000


           PSI
              TREND2        LOGV1         LOGV2         URGE          DEP
              ________      ________      ________      ________      ________
 TREND2         1.000
 LOGV1          0.000         1.000
 LOGV2          0.000         0.000         1.000
 URGE           0.000         0.000         0.000         8.100
 DEP            0.000         0.000         0.000         0.000         0.500
 JS             0.000         0.000         0.000         0.000         0.000
 HS             0.000         0.000         0.000         0.000         0.000


           PSI
              JS            HS
              ________      ________
 JS             0.372
 HS             0.000         0.481



     PRIORS FOR ALL PARAMETERS            PRIOR MEAN      PRIOR VARIANCE     PRIOR STD. DEV.

     Parameter 1~N(0.000,infinity)           0.0000            infinity            infinity
     Parameter 2~N(0.000,infinity)           0.0000            infinity            infinity
     Parameter 3~N(0.000,infinity)           0.0000            infinity            infinity
     Parameter 4~N(0.000,infinity)           0.0000            infinity            infinity
     Parameter 5~N(0.000,infinity)           0.0000            infinity            infinity
     Parameter 6~N(0.000,infinity)           0.0000            infinity            infinity
     Parameter 7~N(0.000,infinity)           0.0000            infinity            infinity
     Parameter 8~N(0.000,infinity)           0.0000            infinity            infinity
     Parameter 9~N(0.000,infinity)           0.0000            infinity            infinity
     Parameter 10~N(0.000,infinity)          0.0000            infinity            infinity
     Parameter 11~N(0.000,infinity)          0.0000            infinity            infinity
     Parameter 12~N(0.000,infinity)          0.0000            infinity            infinity
     Parameter 13~N(0.000,infinity)          0.0000            infinity            infinity
     Parameter 14~N(0.000,infinity)          0.0000            infinity            infinity
     Parameter 15~N(0.000,infinity)          0.0000            infinity            infinity
     Parameter 16~N(0.000,infinity)          0.0000            infinity            infinity
     Parameter 17~N(0.000,infinity)          0.0000            infinity            infinity
     Parameter 18~N(0.000,infinity)          0.0000            infinity            infinity
     Parameter 19~N(0.000,infinity)          0.0000            infinity            infinity
     Parameter 20~N(0.000,infinity)          0.0000            infinity            infinity
     Parameter 21~N(0.000,infinity)          0.0000            infinity            infinity
     Parameter 22~N(0.000,infinity)          0.0000            infinity            infinity
     Parameter 23~N(0.000,infinity)          0.0000            infinity            infinity
     Parameter 24~N(0.000,infinity)          0.0000            infinity            infinity
     Parameter 25~N(0.000,infinity)          0.0000            infinity            infinity
     Parameter 26~N(0.000,infinity)          0.0000            infinity            infinity
     Parameter 27~IW(0.000,-9)             infinity            infinity            infinity
     Parameter 28~IW(0.000,-9)             infinity            infinity            infinity
     Parameter 29~IW(0.000,-9)             infinity            infinity            infinity
     Parameter 30~IW(0.000,-9)             infinity            infinity            infinity
     Parameter 31~IW(0.000,-9)             infinity            infinity            infinity
     Parameter 32~IW(0.000,-9)             infinity            infinity            infinity
     Parameter 33~IW(0.000,-9)             infinity            infinity            infinity
     Parameter 34~IW(0.000,-9)             infinity            infinity            infinity
     Parameter 35~IW(0.000,-9)             infinity            infinity            infinity
     Parameter 36~IW(0.000,-9)             infinity            infinity            infinity
     Parameter 37~IG(-1.000,0.000)         infinity            infinity            infinity
     Parameter 38~IG(-1.000,0.000)         infinity            infinity            infinity
     Parameter 39~IW(0.000,-9)             infinity            infinity            infinity
     Parameter 40~IW(0.000,-9)             infinity            infinity            infinity
     Parameter 41~IW(0.000,-9)             infinity            infinity            infinity
     Parameter 42~IW(0.000,-9)             infinity            infinity            infinity
     Parameter 43~IW(0.000,-9)             infinity            infinity            infinity
     Parameter 44~IW(0.000,-9)             infinity            infinity            infinity
     Parameter 45~IW(0.000,-9)             infinity            infinity            infinity
     Parameter 46~IW(0.000,-9)             infinity            infinity            infinity
     Parameter 47~IW(0.000,-9)             infinity            infinity            infinity
     Parameter 48~IW(0.000,-9)             infinity            infinity            infinity
     Parameter 49~IW(0.000,-9)             infinity            infinity            infinity
     Parameter 50~IW(0.000,-9)             infinity            infinity            infinity
     Parameter 51~IW(0.000,-9)             infinity            infinity            infinity
     Parameter 52~IW(0.000,-9)             infinity            infinity            infinity
     Parameter 53~IW(0.000,-9)             infinity            infinity            infinity
     Parameter 54~IW(0.000,-9)             infinity            infinity            infinity
     Parameter 55~IW(0.000,-9)             infinity            infinity            infinity
     Parameter 56~IW(0.000,-9)             infinity            infinity            infinity
     Parameter 57~IW(0.000,-9)             infinity            infinity            infinity
     Parameter 58~IW(0.000,-9)             infinity            infinity            infinity
     Parameter 59~IW(0.000,-9)             infinity            infinity            infinity
     Parameter 60~IW(0.000,-9)             infinity            infinity            infinity
     Parameter 61~IW(0.000,-9)             infinity            infinity            infinity
     Parameter 62~IW(0.000,-9)             infinity            infinity            infinity
     Parameter 63~IW(0.000,-9)             infinity            infinity            infinity
     Parameter 64~IW(0.000,-9)             infinity            infinity            infinity


TECHNICAL 8 OUTPUT


   TECHNICAL 8 OUTPUT FOR BAYES ESTIMATION

     CHAIN    BSEED
     1        1028
     2        829104

                     POTENTIAL       PARAMETER WITH
     ITERATION    SCALE REDUCTION      HIGHEST PSR
     100              2.861               10
     200              4.210               10
     300              3.445               10
     400              1.351               10
     500              1.334               3
     600              1.443               4
     700              1.370               48
     800              1.522               10
     900              1.473               10
     1000             1.462               17
     1100             1.217               53
     1200             1.200               49
     1300             1.298               49
     1400             1.346               49
     1500             1.419               49
     1600             1.407               49
     1700             1.405               49
     1800             1.307               49
     1900             1.234               3
     2000             1.214               53
     2100             1.168               3
     2200             1.195               3
     2300             1.198               3
     2400             1.200               3
     2500             1.175               3
     2600             1.149               3
     2700             1.143               3
     2800             1.145               3
     2900             1.101               25
     3000             1.100               3
     3100             1.127               3
     3200             1.135               3
     3300             1.126               3
     3400             1.119               3
     3500             1.107               41
     3600             1.135               26
     3700             1.186               26
     3800             1.214               26
     3900             1.231               26
     4000             1.211               26
     4100             1.188               26
     4200             1.176               26
     4300             1.148               26
     4400             1.148               26
     4500             1.141               26
     4600             1.126               26
     4700             1.103               26
     4800             1.079               26


DIAGRAM INFORMATION

  Mplus diagrams are currently not available for multilevel analysis.
  No diagram output was produced.


     Beginning Time:  10:16:25
        Ending Time:  10:24:59
       Elapsed Time:  00:08:34



MUTHEN & MUTHEN
3463 Stoner Ave.
Los Angeles, CA  90066

Tel: (310) 391-9971
Fax: (310) 391-8971
Web: www.StatModel.com
Support: Support@StatModel.com

Copyright (c) 1998-2019 Muthen & Muthen
